\BOOKMARK [1][-]{section.1}{\376\377\137\025\212\000}{}% 1
\BOOKMARK [1][-]{section.2}{\376\377\121\163\225\056\122\033\145\260\160\271}{}% 2
\BOOKMARK [2][-]{subsection.2.1}{\376\377\122\033\145\260\116\000\377\032\000S\000E\220\032\220\123\154\350\141\017\122\233\147\072\122\066}{section.2}% 3
\BOOKMARK [2][-]{subsection.2.2}{\376\377\122\033\145\260\116\214\377\032\162\171\137\201\135\345\172\013\166\204\147\201\201\364\123\213\151\250}{section.2}% 4
\BOOKMARK [2][-]{subsection.2.3}{\376\377\122\033\145\260\116\011\000b\000o\000l\000d\0000\000m\000u\000\040\000m\000u\000m\000u\000\040\000\046\000\046\000\046\000\046\000\046\000\046\126\333\377\032\000T\000T\000A\000\040\000+\000\040\116\011\152\041\127\213\121\150\134\100\217\157\136\163\127\107\142\225\171\150}{section.2}% 5
\BOOKMARK [2][-]{subsection.2.4}{\376\377\122\033\145\260\116\224\377\032\152\041\127\213\147\266\147\204\166\204\174\373\176\337\143\242\175\042}{section.2}% 6
\BOOKMARK [2][-]{subsection.2.5}{\376\377\122\033\145\260\121\155\377\032\121\205\133\130\230\204\122\240\217\175}{section.2}% 7
\BOOKMARK [1][-]{section.3}{\376\377\000`\000`\177\216\131\175\164\006\140\363\163\260\133\236\232\250\141\037\000'\000'\166\204\135\051\156\203\176\317\232\214}{}% 8
\BOOKMARK [2][-]{subsection.3.1}{\376\377\000`\000`\116\015\120\132\220\011\142\351\000'\000'\121\150\147\266\147\204\142\374\143\245\221\316\137\303\166\204\140\262\124\300}{section.3}% 9
\BOOKMARK [2][-]{subsection.3.2}{\376\377\000v\131\064\166\204\236\273\160\346}{section.3}% 10
\BOOKMARK [2][-]{subsection.3.3}{\376\377\0001\0002\130\236\137\072\166\204\217\307\142\337\124\010}{section.3}% 11
\BOOKMARK [2][-]{subsection.3.4}{\376\377\121\306\170\156\163\207\166\204\142\233\162\151\176\277\140\052\214\141}{section.3}% 12
\BOOKMARK [2][-]{subsection.3.5}{\376\377\0002\0008\0008\226\217\147\072\130\236\137\072\146\057\116\052\000`\000`\160\176\226\276\000'\000'}{section.3}% 13
\BOOKMARK [2][-]{subsection.3.6}{\376\377\123\101\122\006\116\113\126\360\140\321\377\032\000B\000o\000t\000z\000o\000n\000e\215\205\145\366\116\016\116\015\215\205\145\366}{section.3}% 14
\BOOKMARK [2][-]{subsection.3.7}{\376\377\0002\0002\0004\000c\000h\116\023\133\266\162\171\137\201\166\204\000P\000y\000t\000h\000o\000n\164\366\230\210}{section.3}% 15
\BOOKMARK [2][-]{subsection.3.8}{\376\377\121\163\116\216\145\160\143\156\130\236\137\072\145\366\127\107\120\074\166\204\220\011\142\351\040\024\040\024\116\073\211\201\146\057\000r\000m\000s\166\204\131\061\215\045}{section.3}% 16
\BOOKMARK [1][-]{section.4}{\376\377\147\000\176\310\145\271\150\110\116\016\164\006\140\363\145\271\150\110}{}% 17
\BOOKMARK [2][-]{subsection.4.1}{\376\377\147\000\176\310\143\320\116\244\166\204\000B\000o\000t\000z\000o\000n\000e\162\110\147\054}{section.4}% 18
\BOOKMARK [2][-]{subsection.4.2}{\376\377\164\006\140\363\116\055\166\204\145\340\226\120\215\104\156\220\213\255\176\303\155\101\172\013}{section.4}% 19
\BOOKMARK [1][-]{section.5}{\376\377\143\242\175\042\123\206\172\013\377\032\000F\000e\000a\000t\000u\000r\000e\116\016\000M\000o\000d\000e\000l\166\204\157\024\217\333}{}% 20
\BOOKMARK [2][-]{subsection.5.1}{\376\377\162\171\137\201\135\345\172\013\157\024\217\333\000\040\000\050\000f\000e\000a\000t\000u\000r\000e\000s\000/\000\051}{section.5}% 21
\BOOKMARK [2][-]{subsection.5.2}{\376\377\152\041\127\213\147\266\147\204\157\024\217\333\000\040\000\050\000m\000o\000d\000e\000l\000s\000/\000\051}{section.5}% 22
\BOOKMARK [1][-]{section.6}{\376\377\140\073\176\323}{}% 23
